************ Running commands from file cmd3.test on filesystem in file test_fs **********
open: name = luper; flags = 2
XATTR for luper: NUM_XATTR = 0 	  TOTAL_SUM_OF_XATTR_NAMES = 0
getxattr: fd: 0; attr: testing; buf: 0x9efd890, name_size: 7; value_size: 30
getxattr: error value not found for name testing for fd 0
getxattr: fd: 0; attr: article.title; buf: 0x9efd8b8, name_size: 13; value_size: 700
getxattr: error value not found for name article.title for fd 0
getxattr: fd: 0; attr: article.author; buf: 0x9efdb80, name_size: 14; value_size: 50
getxattr: error value not found for name article.author for fd 0
getxattr: fd: 0; attr: article.venues; buf: 0x9efdbb8, name_size: 14; value_size: 650
getxattr: error value not found for name article.venues for fd 0
close: 0
***********  Done *************
