************ Running commands from file cmd4.test on filesystem in file test_fs **********
open: name = duper; flags = 2
XATTR for duper: NUM_XATTR = 0 	  TOTAL_SUM_OF_XATTR_NAMES = 0
open: name = super; flags = 1
XATTR for super: NUM_XATTR = 0 	  TOTAL_SUM_OF_XATTR_NAMES = 0
open: name = luper; flags = 2
XATTR for luper: NUM_XATTR = 0 	  TOTAL_SUM_OF_XATTR_NAMES = 0
getxattr: fd: 0; attr: security; buf: 0x9e62990, name_size: 8; value_size: 50
getxattr: error value not found for name security for fd 0
getxattr: fd: 0; attr: article.author; buf: 0x9e629c8, name_size: 14; value_size: 50
getxattr: error value not found for name article.author for fd 0
getxattr: fd: 1; attr: testing; buf: 0x9e62a00, name_size: 7; value_size: 50
getxattr: error value not found for name testing for fd 1
getxattr: fd: 1; attr: article.title; buf: 0x9e62a38, name_size: 13; value_size: 50
getxattr: error value not found for name article.title for fd 1
getxattr: fd: 2; attr: security; buf: 0x9e62a70, name_size: 8; value_size: 50
getxattr: error value not found for name security for fd 2
getxattr: fd: 2; attr: article.author; buf: 0x9e62aa8, name_size: 14; value_size: 50
getxattr: error value not found for name article.author for fd 2
getxattr: fd: 2; attr: article.title; buf: 0x9e62ae0, name_size: 13; value_size: 50
getxattr: error value not found for name article.title for fd 2
getxattr: fd: 2; attr: article.venues; buf: 0x9e62b18, name_size: 14; value_size: 650
getxattr: error value not found for name article.venues for fd 2
close: 0
close: 1
close: 2
***********  Done *************
